<?xml version="1.0" encoding="UTF-8"?>
<!-- Generated by org.testng.reporters.JUnitXMLReporter -->
<testsuite hostname="DESKTOP-90JUPMR" ignored="1" name="Test" tests="3" failures="0" timestamp="21 Jul 2021 16:14:37 GMT" time="3.564" errors="0">
  <testcase name="getfbpage" time="3.27" classname="org.facebook.login"/>
  <testcase name="getfbLogin" time="0.262" classname="org.facebook.login"/>
  <testcase name="printstat" time="0.002" classname="org.facebook.login"/>
  <testcase name="getfbLogin1" time="0.0" classname="org.facebook.login">
    <ignored/>
  </testcase> <!-- getfbLogin1 -->
</testsuite> <!-- Test -->
