<?xml version="1.0" encoding="UTF-8"?>
<!-- Generated by org.testng.reporters.JUnitXMLReporter -->
<testsuite hostname="DESKTOP-90JUPMR" ignored="1" name="Test" tests="3" failures="0" timestamp="21 Jul 2021 05:27:16 GMT" time="4.22" errors="0">
  <testcase name="getfbpage" time="3.981" classname="org.facebook.login"/>
  <testcase name="getfbLogin" time="0.211" classname="org.facebook.login"/>
  <testcase name="printstat" time="0.006" classname="org.facebook.login"/>
  <testcase name="getfbLogin1" time="0.0" classname="org.facebook.login">
    <ignored/>
  </testcase> <!-- getfbLogin1 -->
</testsuite> <!-- Test -->
